  MainPrueba.cpp
C:\Users\danie\OneDrive\Documentos\GitHub\PROYECTOFINALCG_EQUIPO3\ProyectoFinal\ProyectoFinal\modelAnim.h(104,44): warning C4244: '=': conversion from 'double' to 'float', possible loss of data
C:\Users\danie\OneDrive\Documentos\GitHub\PROYECTOFINALCG_EQUIPO3\ProyectoFinal\ProyectoFinal\modelAnim.h(519,24): warning C4244: 'initializing': conversion from 'double' to 'float', possible loss of data
C:\Users\danie\OneDrive\Documentos\GitHub\PROYECTOFINALCG_EQUIPO3\ProyectoFinal\ProyectoFinal\MainPrueba.cpp(67,19): warning C4305: 'initializing': truncation from 'double' to 'float'
C:\Users\danie\OneDrive\Documentos\GitHub\PROYECTOFINALCG_EQUIPO3\ProyectoFinal\ProyectoFinal\MainPrueba.cpp(469,24): warning C4244: 'initializing': conversion from 'double' to 'GLfloat', possible loss of data
C:\Users\danie\OneDrive\Documentos\GitHub\PROYECTOFINALCG_EQUIPO3\ProyectoFinal\ProyectoFinal\MainPrueba.cpp(822,27): warning C4244: '=': conversion from 'double' to 'float', possible loss of data
C:\Users\danie\OneDrive\Documentos\GitHub\PROYECTOFINALCG_EQUIPO3\ProyectoFinal\ProyectoFinal\MainPrueba.cpp(857,27): warning C4244: '=': conversion from 'double' to 'float', possible loss of data
C:\Users\danie\OneDrive\Documentos\GitHub\PROYECTOFINALCG_EQUIPO3\ProyectoFinal\ProyectoFinal\MainPrueba.cpp(887,26): warning C4244: '=': conversion from 'double' to 'float', possible loss of data
C:\Users\danie\OneDrive\Documentos\GitHub\PROYECTOFINALCG_EQUIPO3\ProyectoFinal\ProyectoFinal\MainPrueba.cpp(906,26): warning C4244: '=': conversion from 'double' to 'float', possible loss of data
C:\Users\danie\OneDrive\Documentos\GitHub\PROYECTOFINALCG_EQUIPO3\ProyectoFinal\ProyectoFinal\MainPrueba.cpp(1169,11): warning C4244: '=': conversion from 'double' to 'GLfloat', possible loss of data
C:\Users\danie\OneDrive\Documentos\GitHub\PROYECTOFINALCG_EQUIPO3\ProyectoFinal\ProyectoFinal\MainPrueba.cpp(1170,11): warning C4244: '=': conversion from 'double' to 'GLfloat', possible loss of data
C:\Users\danie\OneDrive\Documentos\GitHub\PROYECTOFINALCG_EQUIPO3\ProyectoFinal\ProyectoFinal\MainPrueba.cpp(1174,18): warning C4244: 'initializing': conversion from 'double' to 'GLfloat', possible loss of data
C:\Users\danie\OneDrive\Documentos\GitHub\PROYECTOFINALCG_EQUIPO3\ProyectoFinal\ProyectoFinal\MainPrueba.cpp(1175,18): warning C4244: 'initializing': conversion from 'double' to 'GLfloat', possible loss of data
C:\Users\danie\OneDrive\Documentos\GitHub\PROYECTOFINALCG_EQUIPO3\ProyectoFinal\ProyectoFinal\MainPrueba.cpp(1177,10): warning C4244: '=': conversion from 'double' to 'GLfloat', possible loss of data
C:\Users\danie\OneDrive\Documentos\GitHub\PROYECTOFINALCG_EQUIPO3\ProyectoFinal\ProyectoFinal\MainPrueba.cpp(1178,10): warning C4244: '=': conversion from 'double' to 'GLfloat', possible loss of data
soil2-debug.lib(SOIL2.obj) : warning LNK4075: ignoring '/EDITANDCONTINUE' due to '/OPT:ICF' specification
LINK : warning LNK4098: defaultlib 'MSVCRTD' conflicts with use of other libs; use /NODEFAULTLIB:library
  Generating code
  1 of 697 functions ( 0.1%) were compiled, the rest were copied from previous compilation.
    0 functions were new in current compilation
    21 functions had inline decision re-evaluated but remain unchanged
  Finished generating code
soil2-debug.lib(etc1_utils.obj) : warning LNK4099: PDB '' was not found with 'soil2-debug.lib(etc1_utils.obj)' or at ''; linking object as if no debug info
soil2-debug.lib(image_DXT.obj) : warning LNK4099: PDB '' was not found with 'soil2-debug.lib(image_DXT.obj)' or at ''; linking object as if no debug info
soil2-debug.lib(image_helper.obj) : warning LNK4099: PDB '' was not found with 'soil2-debug.lib(image_helper.obj)' or at ''; linking object as if no debug info
soil2-debug.lib(SOIL2.obj) : warning LNK4099: PDB '' was not found with 'soil2-debug.lib(SOIL2.obj)' or at ''; linking object as if no debug info
  ProyectoFinal.vcxproj -> C:\Users\danie\OneDrive\Documentos\GitHub\PROYECTOFINALCG_EQUIPO3\ProyectoFinal\Release\ProyectoFinal.exe
