  MainPrueba.cpp
C:\Users\danie\OneDrive\Documentos\GitHub\PROYECTOFINALCG_EQUIPO3\ProyectoFinal\ProyectoFinal\modelAnim.h(104,44): warning C4244: '=': conversion from 'double' to 'float', possible loss of data
C:\Users\danie\OneDrive\Documentos\GitHub\PROYECTOFINALCG_EQUIPO3\ProyectoFinal\ProyectoFinal\modelAnim.h(519,24): warning C4244: 'initializing': conversion from 'double' to 'float', possible loss of data
C:\Users\danie\OneDrive\Documentos\GitHub\PROYECTOFINALCG_EQUIPO3\ProyectoFinal\ProyectoFinal\MainPrueba.cpp(67,19): warning C4305: 'initializing': truncation from 'double' to 'float'
C:\Users\danie\OneDrive\Documentos\GitHub\PROYECTOFINALCG_EQUIPO3\ProyectoFinal\ProyectoFinal\MainPrueba.cpp(469,24): warning C4244: 'initializing': conversion from 'double' to 'GLfloat', possible loss of data
C:\Users\danie\OneDrive\Documentos\GitHub\PROYECTOFINALCG_EQUIPO3\ProyectoFinal\ProyectoFinal\MainPrueba.cpp(822,27): warning C4244: '=': conversion from 'double' to 'float', possible loss of data
C:\Users\danie\OneDrive\Documentos\GitHub\PROYECTOFINALCG_EQUIPO3\ProyectoFinal\ProyectoFinal\MainPrueba.cpp(854,27): warning C4244: '=': conversion from 'double' to 'float', possible loss of data
C:\Users\danie\OneDrive\Documentos\GitHub\PROYECTOFINALCG_EQUIPO3\ProyectoFinal\ProyectoFinal\MainPrueba.cpp(884,26): warning C4244: '=': conversion from 'double' to 'float', possible loss of data
C:\Users\danie\OneDrive\Documentos\GitHub\PROYECTOFINALCG_EQUIPO3\ProyectoFinal\ProyectoFinal\MainPrueba.cpp(903,26): warning C4244: '=': conversion from 'double' to 'float', possible loss of data
C:\Users\danie\OneDrive\Documentos\GitHub\PROYECTOFINALCG_EQUIPO3\ProyectoFinal\ProyectoFinal\MainPrueba.cpp(1166,11): warning C4244: '=': conversion from 'double' to 'GLfloat', possible loss of data
C:\Users\danie\OneDrive\Documentos\GitHub\PROYECTOFINALCG_EQUIPO3\ProyectoFinal\ProyectoFinal\MainPrueba.cpp(1167,11): warning C4244: '=': conversion from 'double' to 'GLfloat', possible loss of data
C:\Users\danie\OneDrive\Documentos\GitHub\PROYECTOFINALCG_EQUIPO3\ProyectoFinal\ProyectoFinal\MainPrueba.cpp(1171,18): warning C4244: 'initializing': conversion from 'double' to 'GLfloat', possible loss of data
C:\Users\danie\OneDrive\Documentos\GitHub\PROYECTOFINALCG_EQUIPO3\ProyectoFinal\ProyectoFinal\MainPrueba.cpp(1172,18): warning C4244: 'initializing': conversion from 'double' to 'GLfloat', possible loss of data
C:\Users\danie\OneDrive\Documentos\GitHub\PROYECTOFINALCG_EQUIPO3\ProyectoFinal\ProyectoFinal\MainPrueba.cpp(1174,10): warning C4244: '=': conversion from 'double' to 'GLfloat', possible loss of data
C:\Users\danie\OneDrive\Documentos\GitHub\PROYECTOFINALCG_EQUIPO3\ProyectoFinal\ProyectoFinal\MainPrueba.cpp(1175,10): warning C4244: '=': conversion from 'double' to 'GLfloat', possible loss of data
  LINK : C:\Users\danie\OneDrive\Documentos\GitHub\PROYECTOFINALCG_EQUIPO3\ProyectoFinal\Debug\ProyectoFinal.exe not found or not built by the last incremental link; performing full link
LINK : warning LNK4098: defaultlib 'MSVCRT' conflicts with use of other libs; use /NODEFAULTLIB:library
soil2-debug.lib(etc1_utils.obj) : warning LNK4099: PDB '' was not found with 'soil2-debug.lib(etc1_utils.obj)' or at ''; linking object as if no debug info
soil2-debug.lib(image_DXT.obj) : warning LNK4099: PDB '' was not found with 'soil2-debug.lib(image_DXT.obj)' or at ''; linking object as if no debug info
soil2-debug.lib(image_helper.obj) : warning LNK4099: PDB '' was not found with 'soil2-debug.lib(image_helper.obj)' or at ''; linking object as if no debug info
soil2-debug.lib(SOIL2.obj) : warning LNK4099: PDB '' was not found with 'soil2-debug.lib(SOIL2.obj)' or at ''; linking object as if no debug info
  ProyectoFinal.vcxproj -> C:\Users\danie\OneDrive\Documentos\GitHub\PROYECTOFINALCG_EQUIPO3\ProyectoFinal\Debug\ProyectoFinal.exe
