  MainPrueba.cpp
C:\Users\danie\OneDrive\Documentos\GitHub\PROYECTOFINALCG_EQUIPO3\ProyectoFinal\ProyectoFinal\modelAnim.h(104,44): warning C4244: '=': conversion from 'double' to 'float', possible loss of data
C:\Users\danie\OneDrive\Documentos\GitHub\PROYECTOFINALCG_EQUIPO3\ProyectoFinal\ProyectoFinal\modelAnim.h(519,24): warning C4244: 'initializing': conversion from 'double' to 'float', possible loss of data
C:\Users\danie\OneDrive\Documentos\GitHub\PROYECTOFINALCG_EQUIPO3\ProyectoFinal\ProyectoFinal\MainPrueba.cpp(67,19): warning C4305: 'initializing': truncation from 'double' to 'float'
C:\Users\danie\OneDrive\Documentos\GitHub\PROYECTOFINALCG_EQUIPO3\ProyectoFinal\ProyectoFinal\MainPrueba.cpp(470,24): warning C4244: 'initializing': conversion from 'double' to 'GLfloat', possible loss of data
C:\Users\danie\OneDrive\Documentos\GitHub\PROYECTOFINALCG_EQUIPO3\ProyectoFinal\ProyectoFinal\MainPrueba.cpp(830,27): warning C4244: '=': conversion from 'double' to 'float', possible loss of data
C:\Users\danie\OneDrive\Documentos\GitHub\PROYECTOFINALCG_EQUIPO3\ProyectoFinal\ProyectoFinal\MainPrueba.cpp(862,27): warning C4244: '=': conversion from 'double' to 'float', possible loss of data
C:\Users\danie\OneDrive\Documentos\GitHub\PROYECTOFINALCG_EQUIPO3\ProyectoFinal\ProyectoFinal\MainPrueba.cpp(892,26): warning C4244: '=': conversion from 'double' to 'float', possible loss of data
C:\Users\danie\OneDrive\Documentos\GitHub\PROYECTOFINALCG_EQUIPO3\ProyectoFinal\ProyectoFinal\MainPrueba.cpp(911,26): warning C4244: '=': conversion from 'double' to 'float', possible loss of data
C:\Users\danie\OneDrive\Documentos\GitHub\PROYECTOFINALCG_EQUIPO3\ProyectoFinal\ProyectoFinal\MainPrueba.cpp(1174,11): warning C4244: '=': conversion from 'double' to 'GLfloat', possible loss of data
C:\Users\danie\OneDrive\Documentos\GitHub\PROYECTOFINALCG_EQUIPO3\ProyectoFinal\ProyectoFinal\MainPrueba.cpp(1175,11): warning C4244: '=': conversion from 'double' to 'GLfloat', possible loss of data
C:\Users\danie\OneDrive\Documentos\GitHub\PROYECTOFINALCG_EQUIPO3\ProyectoFinal\ProyectoFinal\MainPrueba.cpp(1179,18): warning C4244: 'initializing': conversion from 'double' to 'GLfloat', possible loss of data
C:\Users\danie\OneDrive\Documentos\GitHub\PROYECTOFINALCG_EQUIPO3\ProyectoFinal\ProyectoFinal\MainPrueba.cpp(1180,18): warning C4244: 'initializing': conversion from 'double' to 'GLfloat', possible loss of data
C:\Users\danie\OneDrive\Documentos\GitHub\PROYECTOFINALCG_EQUIPO3\ProyectoFinal\ProyectoFinal\MainPrueba.cpp(1182,10): warning C4244: '=': conversion from 'double' to 'GLfloat', possible loss of data
C:\Users\danie\OneDrive\Documentos\GitHub\PROYECTOFINALCG_EQUIPO3\ProyectoFinal\ProyectoFinal\MainPrueba.cpp(1183,10): warning C4244: '=': conversion from 'double' to 'GLfloat', possible loss of data
LINK : warning LNK4098: defaultlib 'MSVCRT' conflicts with use of other libs; use /NODEFAULTLIB:library
soil2-debug.lib(etc1_utils.obj) : warning LNK4099: PDB '' was not found with 'soil2-debug.lib(etc1_utils.obj)' or at ''; linking object as if no debug info
soil2-debug.lib(image_DXT.obj) : warning LNK4099: PDB '' was not found with 'soil2-debug.lib(image_DXT.obj)' or at ''; linking object as if no debug info
soil2-debug.lib(image_helper.obj) : warning LNK4099: PDB '' was not found with 'soil2-debug.lib(image_helper.obj)' or at ''; linking object as if no debug info
soil2-debug.lib(SOIL2.obj) : warning LNK4099: PDB '' was not found with 'soil2-debug.lib(SOIL2.obj)' or at ''; linking object as if no debug info
  ProyectoFinal.vcxproj -> C:\Users\danie\OneDrive\Documentos\GitHub\PROYECTOFINALCG_EQUIPO3\ProyectoFinal\Debug\ProyectoFinal.exe
